App_version1/app/build/intermediates/manifest_merge_blame_file/release/manifest-merger-blame-release-report.txt
1<?xml version="1.0" encoding="utf-8"?>
2<manifest xmlns:android="http://schemas.android.com/apk/res/android"
3    package="com.example.uhf"
4    android:versionCode="1"
5    android:versionName="1.0.1" >
6
7    <uses-sdk
8        android:minSdkVersion="19"
8-->src\main\AndroidManifest.xml
9        android:targetSdkVersion="33" />
9-->src\main\AndroidManifest.xml
10
11    <uses-permission android:name="android.permission.READ_EXTERNAL_STORAGE" />
11-->src\main\AndroidManifest.xml:7:5-80
11-->src\main\AndroidManifest.xml:7:22-77
12    <uses-permission android:name="android.permission.WRITE_EXTERNAL_STORAGE" />
12-->src\main\AndroidManifest.xml:8:5-81
12-->src\main\AndroidManifest.xml:8:22-78
13    <uses-permission android:name="android.permission.MANAGE_EXTERNAL_STORAGE" />
13-->src\main\AndroidManifest.xml:9:5-82
13-->src\main\AndroidManifest.xml:9:22-79
14    <uses-permission android:name="android.permission.ACCESS_NETWORK_STATE" />
14-->[DeviceAPI_ver20220518_release.aar] AndroidManifest.xml:11:5-79
14-->[DeviceAPI_ver20220518_release.aar] AndroidManifest.xml:11:22-76
15    <uses-permission android:name="android.permission.BLUETOOTH_ADMIN" />
15-->[DeviceAPI_ver20220518_release.aar] AndroidManifest.xml:12:5-74
15-->[DeviceAPI_ver20220518_release.aar] AndroidManifest.xml:12:22-71
16    <uses-permission android:name="android.permission.CAMERA" />
16-->[DeviceAPI_ver20220518_release.aar] AndroidManifest.xml:13:5-65
16-->[DeviceAPI_ver20220518_release.aar] AndroidManifest.xml:13:22-62
17    <uses-permission android:name="android.permission.CHANGE_WIFI_STATE" />
17-->[DeviceAPI_ver20220518_release.aar] AndroidManifest.xml:14:5-76
17-->[DeviceAPI_ver20220518_release.aar] AndroidManifest.xml:14:22-73
18
19    <application
19-->src\main\AndroidManifest.xml:10:5-35:19
20        android:allowBackup="true"
20-->src\main\AndroidManifest.xml:11:9-35
21        android:appComponentFactory="androidx.core.app.CoreComponentFactory"
21-->[androidx.core:core:1.3.2] AndroidManifest.xml:24:18-86
22        android:icon="@drawable/ic_launcher"
22-->src\main\AndroidManifest.xml:12:9-45
23        android:label="@string/app_name"
23-->src\main\AndroidManifest.xml:13:9-41
24        android:testOnly="true"
25        android:theme="@style/CustomTheme" >
25-->src\main\AndroidManifest.xml:14:9-43
26        <activity
26-->src\main\AndroidManifest.xml:15:9-26:20
27            android:name="com.example.uhf.activity.UHFMainActivity"
27-->src\main\AndroidManifest.xml:16:13-68
28            android:configChanges="orientation|screenSize"
28-->src\main\AndroidManifest.xml:18:13-59
29            android:exported="true"
29-->src\main\AndroidManifest.xml:20:13-36
30            android:label="@string/app_name"
30-->src\main\AndroidManifest.xml:19:13-45
31            android:screenOrientation="portrait" >
31-->src\main\AndroidManifest.xml:17:13-49
32            <intent-filter>
32-->src\main\AndroidManifest.xml:21:13-25:29
33                <action android:name="android.intent.action.MAIN" />
33-->src\main\AndroidManifest.xml:22:17-69
33-->src\main\AndroidManifest.xml:22:25-66
34
35                <category android:name="android.intent.category.LAUNCHER" />
35-->src\main\AndroidManifest.xml:24:17-77
35-->src\main\AndroidManifest.xml:24:27-74
36            </intent-filter>
37        </activity>
38
39        <receiver
39-->src\main\AndroidManifest.xml:27:9-33:20
40            android:name="com.example.uhf.BootBroadcastReceiver"
40-->src\main\AndroidManifest.xml:27:19-71
41            android:exported="true" >
41-->src\main\AndroidManifest.xml:28:13-36
42            <intent-filter android:priority="1000" >
42-->src\main\AndroidManifest.xml:29:13-32:29
42-->src\main\AndroidManifest.xml:29:28-51
43                <action android:name="android.intent.action.BOOT_COMPLETED" />
43-->src\main\AndroidManifest.xml:30:17-79
43-->src\main\AndroidManifest.xml:30:25-76
44
45                <category android:name="android.intent.category.LAUNCHER" />
45-->src\main\AndroidManifest.xml:24:17-77
45-->src\main\AndroidManifest.xml:24:27-74
46            </intent-filter>
47        </receiver>
48
49        <meta-data
49-->[com.google.android.gms:play-services-basement:18.1.0] AndroidManifest.xml:21:9-23:69
50            android:name="com.google.android.gms.version"
50-->[com.google.android.gms:play-services-basement:18.1.0] AndroidManifest.xml:22:13-58
51            android:value="@integer/google_play_services_version" />
51-->[com.google.android.gms:play-services-basement:18.1.0] AndroidManifest.xml:23:13-66
52    </application>
53
54</manifest>